0 info it worked if it ends with ok
1 verbose cli [ '/usr/local/bin/node',
1 verbose cli   '/usr/local/bin/npm',
1 verbose cli   'run',
1 verbose cli   'server-up' ]
2 info using npm@3.10.10
3 info using node@v6.9.5
4 verbose run-script [ 'preserver-up', 'server-up', 'postserver-up' ]
5 info lifecycle dutch-dictionary@1.0.0~preserver-up: dutch-dictionary@1.0.0
6 silly lifecycle dutch-dictionary@1.0.0~preserver-up: no script for preserver-up, continuing
7 info lifecycle dutch-dictionary@1.0.0~server-up: dutch-dictionary@1.0.0
8 verbose lifecycle dutch-dictionary@1.0.0~server-up: unsafe-perm in lifecycle true
9 verbose lifecycle dutch-dictionary@1.0.0~server-up: PATH: /usr/local/lib/node_modules/npm/bin/node-gyp-bin:/Users/daru/Playground/dutch-dictionary/node_modules/.bin:/usr/local/php5/bin:/usr/local/bin:/usr/bin:/bin:/usr/sbin:/sbin
10 verbose lifecycle dutch-dictionary@1.0.0~server-up: CWD: /Users/daru/Playground/dutch-dictionary
11 silly lifecycle dutch-dictionary@1.0.0~server-up: Args: [ '-c', 'node api/server.js' ]
12 silly lifecycle dutch-dictionary@1.0.0~server-up: Returned: code: 1  signal: null
13 info lifecycle dutch-dictionary@1.0.0~server-up: Failed to exec server-up script
14 verbose stack Error: dutch-dictionary@1.0.0 server-up: `node api/server.js`
14 verbose stack Exit status 1
14 verbose stack     at EventEmitter.<anonymous> (/usr/local/lib/node_modules/npm/lib/utils/lifecycle.js:255:16)
14 verbose stack     at emitTwo (events.js:106:13)
14 verbose stack     at EventEmitter.emit (events.js:191:7)
14 verbose stack     at ChildProcess.<anonymous> (/usr/local/lib/node_modules/npm/lib/utils/spawn.js:40:14)
14 verbose stack     at emitTwo (events.js:106:13)
14 verbose stack     at ChildProcess.emit (events.js:191:7)
14 verbose stack     at maybeClose (internal/child_process.js:877:16)
14 verbose stack     at Process.ChildProcess._handle.onexit (internal/child_process.js:226:5)
15 verbose pkgid dutch-dictionary@1.0.0
16 verbose cwd /Users/daru/Playground/dutch-dictionary
17 error Darwin 16.4.0
18 error argv "/usr/local/bin/node" "/usr/local/bin/npm" "run" "server-up"
19 error node v6.9.5
20 error npm  v3.10.10
21 error code ELIFECYCLE
22 error dutch-dictionary@1.0.0 server-up: `node api/server.js`
22 error Exit status 1
23 error Failed at the dutch-dictionary@1.0.0 server-up script 'node api/server.js'.
23 error Make sure you have the latest version of node.js and npm installed.
23 error If you do, this is most likely a problem with the dutch-dictionary package,
23 error not with npm itself.
23 error Tell the author that this fails on your system:
23 error     node api/server.js
23 error You can get information on how to open an issue for this project with:
23 error     npm bugs dutch-dictionary
23 error Or if that isn't available, you can get their info via:
23 error     npm owner ls dutch-dictionary
23 error There is likely additional logging output above.
24 verbose exit [ 1, true ]
